[debug] [2021-01-28T05:59:04.437Z] ----------------------------------------------------------------------
[debug] [2021-01-28T05:59:04.438Z] Command:       /usr/local/bin/node /usr/local/bin/firebase deploy --only functions
[debug] [2021-01-28T05:59:04.439Z] CLI Version:   9.1.0
[debug] [2021-01-28T05:59:04.439Z] Platform:      darwin
[debug] [2021-01-28T05:59:04.439Z] Node Version:  v14.15.1
[debug] [2021-01-28T05:59:04.440Z] Time:          Thu Jan 28 2021 16:59:04 GMT+1100 (Australian Eastern Daylight Time)
[debug] [2021-01-28T05:59:04.440Z] ----------------------------------------------------------------------
[debug] [2021-01-28T05:59:04.440Z] 
[debug] [2021-01-28T05:59:04.444Z] > command requires scopes: ["email","openid","https://www.googleapis.com/auth/cloudplatformprojects.readonly","https://www.googleapis.com/auth/firebase","https://www.googleapis.com/auth/cloud-platform"]
[debug] [2021-01-28T05:59:04.445Z] > authorizing via signed-in user
[debug] [2021-01-28T05:59:04.445Z] [iam] checking project where-s-waldo-top for permissions ["cloudfunctions.functions.create","cloudfunctions.functions.delete","cloudfunctions.functions.get","cloudfunctions.functions.list","cloudfunctions.functions.update","cloudfunctions.operations.get","firebase.projects.get"]
[debug] [2021-01-28T05:59:04.447Z] >>> HTTP REQUEST POST https://cloudresourcemanager.googleapis.com/v1/projects/where-s-waldo-top:testIamPermissions  
 {"permissions":["cloudfunctions.functions.create","cloudfunctions.functions.delete","cloudfunctions.functions.get","cloudfunctions.functions.list","cloudfunctions.functions.update","cloudfunctions.operations.get","firebase.projects.get"]}
[debug] [2021-01-28T05:59:05.615Z] <<< HTTP RESPONSE 200 {"content-type":"application/json; charset=UTF-8","vary":"X-Origin, Referer, Origin,Accept-Encoding","date":"Thu, 28 Jan 2021 05:59:05 GMT","server":"ESF","cache-control":"private","x-xss-protection":"0","x-frame-options":"SAMEORIGIN","x-content-type-options":"nosniff","server-timing":"gfet4t7; dur=994","alt-svc":"h3-29=\":443\"; ma=2592000,h3-T051=\":443\"; ma=2592000,h3-Q050=\":443\"; ma=2592000,h3-Q046=\":443\"; ma=2592000,h3-Q043=\":443\"; ma=2592000,quic=\":443\"; ma=2592000; v=\"46,43\"","accept-ranges":"none","transfer-encoding":"chunked"}
[debug] [2021-01-28T05:59:05.616Z] >>> HTTP REQUEST POST https://iam.googleapis.com/v1/projects/where-s-waldo-top/serviceAccounts/where-s-waldo-top@appspot.gserviceaccount.com:testIamPermissions  
 {"permissions":["iam.serviceAccounts.actAs"]}
[debug] [2021-01-28T05:59:07.016Z] <<< HTTP RESPONSE 200 {"content-type":"application/json; charset=UTF-8","vary":"X-Origin, Referer, Origin,Accept-Encoding","date":"Thu, 28 Jan 2021 05:59:06 GMT","server":"ESF","cache-control":"private","x-xss-protection":"0","x-frame-options":"SAMEORIGIN","x-content-type-options":"nosniff","alt-svc":"h3-29=\":443\"; ma=2592000,h3-T051=\":443\"; ma=2592000,h3-Q050=\":443\"; ma=2592000,h3-Q046=\":443\"; ma=2592000,h3-Q043=\":443\"; ma=2592000,quic=\":443\"; ma=2592000; v=\"46,43\"","accept-ranges":"none","transfer-encoding":"chunked"}
[info] 
[info] === Deploying to 'where-s-waldo-top'...
[info] 
[info] i  deploying functions 
[debug] [2021-01-28T05:59:08.211Z] > [functions] package.json contents: {
  "name": "functions",
  "description": "Cloud Functions for Firebase",
  "scripts": {
    "serve": "firebase emulators:start --only functions",
    "shell": "firebase functions:shell",
    "start": "npm run shell",
    "deploy": "firebase deploy --only functions",
    "logs": "firebase functions:log"
  },
  "engines": {
    "node": "12"
  },
  "main": "index.js",
  "dependencies": {
    "firebase-admin": "^9.2.0",
    "firebase-functions": "^3.11.0"
  },
  "devDependencies": {
    "firebase-functions-test": "^0.2.0"
  },
  "private": true
}
[info] i  functions: ensuring required API cloudfunctions.googleapis.com is enabled... 
[info] i  functions: ensuring required API cloudbuild.googleapis.com is enabled... 
[debug] [2021-01-28T05:59:08.881Z] >>> HTTP REQUEST GET https://serviceusage.googleapis.com/v1/projects/where-s-waldo-top/services/cloudfunctions.googleapis.com  
 
[debug] [2021-01-28T05:59:08.881Z] >>> HTTP REQUEST GET https://serviceusage.googleapis.com/v1/projects/where-s-waldo-top/services/runtimeconfig.googleapis.com  
 
[debug] [2021-01-28T05:59:08.881Z] >>> HTTP REQUEST GET https://serviceusage.googleapis.com/v1/projects/where-s-waldo-top/services/cloudbuild.googleapis.com  
 
[debug] [2021-01-28T05:59:10.329Z] <<< HTTP RESPONSE 200 {"content-type":"application/json; charset=UTF-8","vary":"X-Origin, Referer, Origin,Accept-Encoding","date":"Thu, 28 Jan 2021 05:59:10 GMT","server":"ESF","cache-control":"private","x-xss-protection":"0","x-frame-options":"SAMEORIGIN","x-content-type-options":"nosniff","alt-svc":"h3-29=\":443\"; ma=2592000,h3-T051=\":443\"; ma=2592000,h3-Q050=\":443\"; ma=2592000,h3-Q046=\":443\"; ma=2592000,h3-Q043=\":443\"; ma=2592000,quic=\":443\"; ma=2592000; v=\"46,43\"","accept-ranges":"none","transfer-encoding":"chunked"}
[debug] [2021-01-28T05:59:10.336Z] <<< HTTP RESPONSE 200 {"content-type":"application/json; charset=UTF-8","vary":"X-Origin, Referer, Origin,Accept-Encoding","date":"Thu, 28 Jan 2021 05:59:10 GMT","server":"ESF","cache-control":"private","x-xss-protection":"0","x-frame-options":"SAMEORIGIN","x-content-type-options":"nosniff","alt-svc":"h3-29=\":443\"; ma=2592000,h3-T051=\":443\"; ma=2592000,h3-Q050=\":443\"; ma=2592000,h3-Q046=\":443\"; ma=2592000,h3-Q043=\":443\"; ma=2592000,quic=\":443\"; ma=2592000; v=\"46,43\"","accept-ranges":"none","transfer-encoding":"chunked"}
[info] ✔  functions: required API cloudbuild.googleapis.com is enabled 
[debug] [2021-01-28T05:59:10.339Z] <<< HTTP RESPONSE 200 {"content-type":"application/json; charset=UTF-8","vary":"X-Origin, Referer, Origin,Accept-Encoding","date":"Thu, 28 Jan 2021 05:59:10 GMT","server":"ESF","cache-control":"private","x-xss-protection":"0","x-frame-options":"SAMEORIGIN","x-content-type-options":"nosniff","alt-svc":"h3-29=\":443\"; ma=2592000,h3-T051=\":443\"; ma=2592000,h3-Q050=\":443\"; ma=2592000,h3-Q046=\":443\"; ma=2592000,h3-Q043=\":443\"; ma=2592000,quic=\":443\"; ma=2592000; v=\"46,43\"","accept-ranges":"none","transfer-encoding":"chunked"}
[info] ✔  functions: required API cloudfunctions.googleapis.com is enabled 
[debug] [2021-01-28T05:59:10.340Z] >>> HTTP REQUEST GET https://firebase.googleapis.com/v1beta1/projects/where-s-waldo-top/adminSdkConfig  
 
[debug] [2021-01-28T05:59:11.042Z] <<< HTTP RESPONSE 200 {"content-type":"application/json; charset=UTF-8","vary":"X-Origin, Referer, Origin,Accept-Encoding","date":"Thu, 28 Jan 2021 05:59:10 GMT","server":"ESF","cache-control":"private","x-xss-protection":"0","x-frame-options":"SAMEORIGIN","x-content-type-options":"nosniff","alt-svc":"h3-29=\":443\"; ma=2592000,h3-T051=\":443\"; ma=2592000,h3-Q050=\":443\"; ma=2592000,h3-Q046=\":443\"; ma=2592000,h3-Q043=\":443\"; ma=2592000,quic=\":443\"; ma=2592000; v=\"46,43\"","accept-ranges":"none","transfer-encoding":"chunked"}
[info] i  functions: preparing functions directory for uploading... 
[debug] [2021-01-28T05:59:11.044Z] >>> HTTP REQUEST GET https://runtimeconfig.googleapis.com/v1beta1/projects/where-s-waldo-top/configs  
 
[debug] [2021-01-28T05:59:12.066Z] <<< HTTP RESPONSE 200 {"content-type":"application/json; charset=UTF-8","vary":"X-Origin, Referer, Origin,Accept-Encoding","date":"Thu, 28 Jan 2021 05:59:11 GMT","server":"ESF","cache-control":"private","x-xss-protection":"0","x-frame-options":"SAMEORIGIN","x-content-type-options":"nosniff","alt-svc":"h3-29=\":443\"; ma=2592000,h3-T051=\":443\"; ma=2592000,h3-Q050=\":443\"; ma=2592000,h3-Q046=\":443\"; ma=2592000,h3-Q043=\":443\"; ma=2592000,quic=\":443\"; ma=2592000; v=\"46,43\"","accept-ranges":"none","transfer-encoding":"chunked"}
[info] i  functions: packaged functions (23.12 KB) for uploading 
[debug] [2021-01-28T05:59:12.342Z] >>> HTTP REQUEST GET https://cloudfunctions.googleapis.com/v1/projects/where-s-waldo-top/locations/-/functions  
 
[debug] [2021-01-28T05:59:13.167Z] <<< HTTP RESPONSE 200 {"content-type":"application/json; charset=UTF-8","vary":"X-Origin, Referer, Origin,Accept-Encoding","date":"Thu, 28 Jan 2021 05:59:13 GMT","server":"ESF","cache-control":"private","x-xss-protection":"0","x-frame-options":"SAMEORIGIN","x-content-type-options":"nosniff","alt-svc":"h3-29=\":443\"; ma=2592000,h3-T051=\":443\"; ma=2592000,h3-Q050=\":443\"; ma=2592000,h3-Q046=\":443\"; ma=2592000,h3-Q043=\":443\"; ma=2592000,quic=\":443\"; ma=2592000; v=\"46,43\"","accept-ranges":"none","transfer-encoding":"chunked"}
[debug] [2021-01-28T05:59:13.170Z] >>> HTTP REQUEST POST https://cloudfunctions.googleapis.com/v1/projects/where-s-waldo-top/locations/us-central1/functions:generateUploadUrl  
 
[debug] [2021-01-28T05:59:14.401Z] <<< HTTP RESPONSE 200 {"content-type":"application/json; charset=UTF-8","vary":"X-Origin, Referer, Origin,Accept-Encoding","date":"Thu, 28 Jan 2021 05:59:14 GMT","server":"ESF","cache-control":"private","x-xss-protection":"0","x-frame-options":"SAMEORIGIN","x-content-type-options":"nosniff","alt-svc":"h3-29=\":443\"; ma=2592000,h3-T051=\":443\"; ma=2592000,h3-Q050=\":443\"; ma=2592000,h3-Q046=\":443\"; ma=2592000,h3-Q043=\":443\"; ma=2592000,quic=\":443\"; ma=2592000; v=\"46,43\"","accept-ranges":"none","transfer-encoding":"chunked"}
[debug] [2021-01-28T05:59:14.402Z] >>> HTTP REQUEST PUT https://storage.googleapis.com/gcf-upload-us-central1-72e3c2df-bba2-4d3b-b380-6d4b12ad9d46/adf2c018-1590-41b9-b1be-5aa04023d753.zip?GoogleAccessId=service-910573727684@gcf-admin-robot.iam.gserviceaccount.com&Expires=1611815353&Signature=ZG7i5MpD5czqX40dfqGZzbcVxgoYxYH7ufgC0H7NK2YaEM629%2FR7Nj5EdQJ%2Fmul2YoA7sayi%2BF%2FiFD5aaBhQbxA3diX5gLqkNK5DiuH97%2Fjry%2BYe%2Bt7lqWAvqUKnkFc%2FqYOuni6GMRq%2BvghV8kfjjhYI8yGhWTnP16JlftRtEvsNfKhCT74IG6WFzJnqoGQ0NLIZJ4aNQ6j0Q3yjGQbYyUgUYQ01ptR8N2%2BIfrYj%2FsBEVtyQ6H%2FTT0dV4zDF49EGw3RZjRElblaz00sYMb3063pG87B96BSZe4LidoGlvrLzoz4tzwQUmrRmVFA53TBUxG2htJ1IRPUPkKFTfl%2BPpQ%3D%3D  
 <request body omitted>
[debug] [2021-01-28T05:59:14.866Z] <<< HTTP RESPONSE 200 {"x-guploader-uploadid":"ABg5-UxMACsfMoqSglYU2CtXM5Co4ZjKmyUX6toIBZ4HFut1AeX1IhrFeH0Ww5M4TmnEY2MgKayaDO9_CCft7FTslVk","etag":"\"f0619d8e7990806a4d36657cbb079440\"","x-goog-generation":"1611813554770851","x-goog-metageneration":"1","x-goog-hash":"crc32c=ggfmpA==, md5=8GGdjnmQgGpNNmV8uweUQA==","x-goog-stored-content-length":"23671","x-goog-stored-content-encoding":"identity","vary":"Origin","content-length":"0","date":"Thu, 28 Jan 2021 05:59:14 GMT","server":"UploadServer","content-type":"text/html; charset=UTF-8","alt-svc":"h3-29=\":443\"; ma=2592000,h3-T051=\":443\"; ma=2592000,h3-Q050=\":443\"; ma=2592000,h3-Q046=\":443\"; ma=2592000,h3-Q043=\":443\"; ma=2592000,quic=\":443\"; ma=2592000; v=\"46,43\""}
[info] ✔  functions: functions folder uploaded successfully 
[info] i  functions: updating Node.js 12 function handlePlayerSelection(us-central1)... 
[debug] [2021-01-28T05:59:14.870Z] Trigger is:  {"eventTrigger":{"resource":"projects/where-s-waldo-top/databases/(default)/documents/playerSelection/{docId}","eventType":"providers/cloud.firestore/eventTypes/document.create","service":"firestore.googleapis.com"}}
[info] i  functions: updating Node.js 12 function addMockData(us-central1)... 
[debug] [2021-01-28T05:59:14.871Z] Trigger is:  {"httpsTrigger":{}}
[info] i  functions: updating Node.js 12 function addMockPlayerSelection(us-central1)... 
[debug] [2021-01-28T05:59:14.871Z] Trigger is:  {"httpsTrigger":{}}
[debug] [2021-01-28T05:59:14.873Z] >>> HTTP REQUEST PATCH https://cloudfunctions.googleapis.com/v1/projects/where-s-waldo-top/locations/us-central1/functions/handlePlayerSelection {"updateMask":"sourceUploadUrl,name,labels,runtime,environmentVariables,eventTrigger.resource,eventTrigger.eventType,eventTrigger.service,eventTrigger.failurePolicy"} 
 {"sourceUploadUrl":"https://storage.googleapis.com/gcf-upload-us-central1-72e3c2df-bba2-4d3b-b380-6d4b12ad9d46/adf2c018-1590-41b9-b1be-5aa04023d753.zip?GoogleAccessId=service-910573727684@gcf-admin-robot.iam.gserviceaccount.com&Expires=1611815353&Signature=ZG7i5MpD5czqX40dfqGZzbcVxgoYxYH7ufgC0H7NK2YaEM629%2FR7Nj5EdQJ%2Fmul2YoA7sayi%2BF%2FiFD5aaBhQbxA3diX5gLqkNK5DiuH97%2Fjry%2BYe%2Bt7lqWAvqUKnkFc%2FqYOuni6GMRq%2BvghV8kfjjhYI8yGhWTnP16JlftRtEvsNfKhCT74IG6WFzJnqoGQ0NLIZJ4aNQ6j0Q3yjGQbYyUgUYQ01ptR8N2%2BIfrYj%2FsBEVtyQ6H%2FTT0dV4zDF49EGw3RZjRElblaz00sYMb3063pG87B96BSZe4LidoGlvrLzoz4tzwQUmrRmVFA53TBUxG2htJ1IRPUPkKFTfl%2BPpQ%3D%3D","name":"projects/where-s-waldo-top/locations/us-central1/functions/handlePlayerSelection","labels":{"deployment-tool":"cli-firebase"},"eventTrigger":{"resource":"projects/where-s-waldo-top/databases/(default)/documents/playerSelection/{docId}","eventType":"providers/cloud.firestore/eventTypes/document.create","service":"firestore.googleapis.com"},"runtime":"nodejs12","environmentVariables":{"FIREBASE_CONFIG":"{\"projectId\":\"where-s-waldo-top\",\"databaseURL\":\"https://where-s-waldo-top.firebaseio.com\",\"storageBucket\":\"where-s-waldo-top.appspot.com\",\"locationId\":\"australia-southeast1\"}"}}
[debug] [2021-01-28T05:59:14.874Z] >>> HTTP REQUEST PATCH https://cloudfunctions.googleapis.com/v1/projects/where-s-waldo-top/locations/us-central1/functions/addMockData {"updateMask":"sourceUploadUrl,name,labels,runtime,environmentVariables,httpsTrigger"} 
 {"sourceUploadUrl":"https://storage.googleapis.com/gcf-upload-us-central1-72e3c2df-bba2-4d3b-b380-6d4b12ad9d46/adf2c018-1590-41b9-b1be-5aa04023d753.zip?GoogleAccessId=service-910573727684@gcf-admin-robot.iam.gserviceaccount.com&Expires=1611815353&Signature=ZG7i5MpD5czqX40dfqGZzbcVxgoYxYH7ufgC0H7NK2YaEM629%2FR7Nj5EdQJ%2Fmul2YoA7sayi%2BF%2FiFD5aaBhQbxA3diX5gLqkNK5DiuH97%2Fjry%2BYe%2Bt7lqWAvqUKnkFc%2FqYOuni6GMRq%2BvghV8kfjjhYI8yGhWTnP16JlftRtEvsNfKhCT74IG6WFzJnqoGQ0NLIZJ4aNQ6j0Q3yjGQbYyUgUYQ01ptR8N2%2BIfrYj%2FsBEVtyQ6H%2FTT0dV4zDF49EGw3RZjRElblaz00sYMb3063pG87B96BSZe4LidoGlvrLzoz4tzwQUmrRmVFA53TBUxG2htJ1IRPUPkKFTfl%2BPpQ%3D%3D","name":"projects/where-s-waldo-top/locations/us-central1/functions/addMockData","labels":{"deployment-tool":"cli-firebase"},"httpsTrigger":{},"runtime":"nodejs12","environmentVariables":{"FIREBASE_CONFIG":"{\"projectId\":\"where-s-waldo-top\",\"databaseURL\":\"https://where-s-waldo-top.firebaseio.com\",\"storageBucket\":\"where-s-waldo-top.appspot.com\",\"locationId\":\"australia-southeast1\"}"}}
[debug] [2021-01-28T05:59:14.874Z] >>> HTTP REQUEST PATCH https://cloudfunctions.googleapis.com/v1/projects/where-s-waldo-top/locations/us-central1/functions/addMockPlayerSelection {"updateMask":"sourceUploadUrl,name,labels,runtime,environmentVariables,httpsTrigger"} 
 {"sourceUploadUrl":"https://storage.googleapis.com/gcf-upload-us-central1-72e3c2df-bba2-4d3b-b380-6d4b12ad9d46/adf2c018-1590-41b9-b1be-5aa04023d753.zip?GoogleAccessId=service-910573727684@gcf-admin-robot.iam.gserviceaccount.com&Expires=1611815353&Signature=ZG7i5MpD5czqX40dfqGZzbcVxgoYxYH7ufgC0H7NK2YaEM629%2FR7Nj5EdQJ%2Fmul2YoA7sayi%2BF%2FiFD5aaBhQbxA3diX5gLqkNK5DiuH97%2Fjry%2BYe%2Bt7lqWAvqUKnkFc%2FqYOuni6GMRq%2BvghV8kfjjhYI8yGhWTnP16JlftRtEvsNfKhCT74IG6WFzJnqoGQ0NLIZJ4aNQ6j0Q3yjGQbYyUgUYQ01ptR8N2%2BIfrYj%2FsBEVtyQ6H%2FTT0dV4zDF49EGw3RZjRElblaz00sYMb3063pG87B96BSZe4LidoGlvrLzoz4tzwQUmrRmVFA53TBUxG2htJ1IRPUPkKFTfl%2BPpQ%3D%3D","name":"projects/where-s-waldo-top/locations/us-central1/functions/addMockPlayerSelection","labels":{"deployment-tool":"cli-firebase"},"httpsTrigger":{},"runtime":"nodejs12","environmentVariables":{"FIREBASE_CONFIG":"{\"projectId\":\"where-s-waldo-top\",\"databaseURL\":\"https://where-s-waldo-top.firebaseio.com\",\"storageBucket\":\"where-s-waldo-top.appspot.com\",\"locationId\":\"australia-southeast1\"}"}}
[debug] [2021-01-28T05:59:15.857Z] <<< HTTP RESPONSE 200 {"content-type":"application/json; charset=UTF-8","vary":"X-Origin, Referer, Origin,Accept-Encoding","date":"Thu, 28 Jan 2021 05:59:15 GMT","server":"ESF","cache-control":"private","x-xss-protection":"0","x-frame-options":"SAMEORIGIN","x-content-type-options":"nosniff","alt-svc":"h3-29=\":443\"; ma=2592000,h3-T051=\":443\"; ma=2592000,h3-Q050=\":443\"; ma=2592000,h3-Q046=\":443\"; ma=2592000,h3-Q043=\":443\"; ma=2592000,quic=\":443\"; ma=2592000; v=\"46,43\"","accept-ranges":"none","transfer-encoding":"chunked"}
[debug] [2021-01-28T05:59:15.858Z] <<< HTTP RESPONSE 200 {"content-type":"application/json; charset=UTF-8","vary":"X-Origin, Referer, Origin,Accept-Encoding","date":"Thu, 28 Jan 2021 05:59:15 GMT","server":"ESF","cache-control":"private","x-xss-protection":"0","x-frame-options":"SAMEORIGIN","x-content-type-options":"nosniff","alt-svc":"h3-29=\":443\"; ma=2592000,h3-T051=\":443\"; ma=2592000,h3-Q050=\":443\"; ma=2592000,h3-Q046=\":443\"; ma=2592000,h3-Q043=\":443\"; ma=2592000,quic=\":443\"; ma=2592000; v=\"46,43\"","accept-ranges":"none","transfer-encoding":"chunked"}
[debug] [2021-01-28T05:59:15.859Z] <<< HTTP RESPONSE 200 {"content-type":"application/json; charset=UTF-8","vary":"X-Origin, Referer, Origin,Accept-Encoding","date":"Thu, 28 Jan 2021 05:59:15 GMT","server":"ESF","cache-control":"private","x-xss-protection":"0","x-frame-options":"SAMEORIGIN","x-content-type-options":"nosniff","alt-svc":"h3-29=\":443\"; ma=2592000,h3-T051=\":443\"; ma=2592000,h3-Q050=\":443\"; ma=2592000,h3-Q046=\":443\"; ma=2592000,h3-Q043=\":443\"; ma=2592000,quic=\":443\"; ma=2592000; v=\"46,43\"","accept-ranges":"none","transfer-encoding":"chunked"}
[debug] [2021-01-28T05:59:15.860Z] >>> HTTP REQUEST GET https://cloudfunctions.googleapis.com/v1/projects/where-s-waldo-top/locations/-/functions  
 
[debug] [2021-01-28T05:59:16.545Z] <<< HTTP RESPONSE 200 {"content-type":"application/json; charset=UTF-8","vary":"X-Origin, Referer, Origin,Accept-Encoding","date":"Thu, 28 Jan 2021 05:59:16 GMT","server":"ESF","cache-control":"private","x-xss-protection":"0","x-frame-options":"SAMEORIGIN","x-content-type-options":"nosniff","alt-svc":"h3-29=\":443\"; ma=2592000,h3-T051=\":443\"; ma=2592000,h3-Q050=\":443\"; ma=2592000,h3-Q046=\":443\"; ma=2592000,h3-Q043=\":443\"; ma=2592000,quic=\":443\"; ma=2592000; v=\"46,43\"","accept-ranges":"none","transfer-encoding":"chunked"}
[debug] [2021-01-28T05:59:16.547Z] >>> HTTP REQUEST GET https://cloudfunctions.googleapis.com/v1/operations/d2hlcmUtcy13YWxkby10b3AvdXMtY2VudHJhbDEvaGFuZGxlUGxheWVyU2VsZWN0aW9uLzZVRVJTbGM1M3lr  
 
[debug] [2021-01-28T05:59:16.547Z] >>> HTTP REQUEST GET https://cloudfunctions.googleapis.com/v1/operations/d2hlcmUtcy13YWxkby10b3AvdXMtY2VudHJhbDEvYWRkTW9ja0RhdGEvYzlUM2U4RmVBb28  
 
[debug] [2021-01-28T05:59:16.547Z] >>> HTTP REQUEST GET https://cloudfunctions.googleapis.com/v1/operations/d2hlcmUtcy13YWxkby10b3AvdXMtY2VudHJhbDEvYWRkTW9ja1BsYXllclNlbGVjdGlvbi9VenA2aHBVcF91NA  
 
[debug] [2021-01-28T05:59:17.031Z] <<< HTTP RESPONSE 200 {"content-type":"application/json; charset=UTF-8","vary":"X-Origin, Referer, Origin,Accept-Encoding","date":"Thu, 28 Jan 2021 05:59:16 GMT","server":"ESF","cache-control":"private","x-xss-protection":"0","x-frame-options":"SAMEORIGIN","x-content-type-options":"nosniff","alt-svc":"h3-29=\":443\"; ma=2592000,h3-T051=\":443\"; ma=2592000,h3-Q050=\":443\"; ma=2592000,h3-Q046=\":443\"; ma=2592000,h3-Q043=\":443\"; ma=2592000,quic=\":443\"; ma=2592000; v=\"46,43\"","accept-ranges":"none","transfer-encoding":"chunked"}
[debug] [2021-01-28T05:59:17.038Z] <<< HTTP RESPONSE 200 {"content-type":"application/json; charset=UTF-8","vary":"X-Origin, Referer, Origin,Accept-Encoding","date":"Thu, 28 Jan 2021 05:59:16 GMT","server":"ESF","cache-control":"private","x-xss-protection":"0","x-frame-options":"SAMEORIGIN","x-content-type-options":"nosniff","alt-svc":"h3-29=\":443\"; ma=2592000,h3-T051=\":443\"; ma=2592000,h3-Q050=\":443\"; ma=2592000,h3-Q046=\":443\"; ma=2592000,h3-Q043=\":443\"; ma=2592000,quic=\":443\"; ma=2592000; v=\"46,43\"","accept-ranges":"none","transfer-encoding":"chunked"}
[debug] [2021-01-28T05:59:17.180Z] <<< HTTP RESPONSE 200 {"content-type":"application/json; charset=UTF-8","vary":"X-Origin, Referer, Origin,Accept-Encoding","date":"Thu, 28 Jan 2021 05:59:16 GMT","server":"ESF","cache-control":"private","x-xss-protection":"0","x-frame-options":"SAMEORIGIN","x-content-type-options":"nosniff","alt-svc":"h3-29=\":443\"; ma=2592000,h3-T051=\":443\"; ma=2592000,h3-Q050=\":443\"; ma=2592000,h3-Q046=\":443\"; ma=2592000,h3-Q043=\":443\"; ma=2592000,quic=\":443\"; ma=2592000; v=\"46,43\"","accept-ranges":"none","transfer-encoding":"chunked"}
[debug] [2021-01-28T05:59:19.035Z] >>> HTTP REQUEST GET https://cloudfunctions.googleapis.com/v1/operations/d2hlcmUtcy13YWxkby10b3AvdXMtY2VudHJhbDEvaGFuZGxlUGxheWVyU2VsZWN0aW9uLzZVRVJTbGM1M3lr  
 
[debug] [2021-01-28T05:59:19.039Z] >>> HTTP REQUEST GET https://cloudfunctions.googleapis.com/v1/operations/d2hlcmUtcy13YWxkby10b3AvdXMtY2VudHJhbDEvYWRkTW9ja0RhdGEvYzlUM2U4RmVBb28  
 
[debug] [2021-01-28T05:59:19.187Z] >>> HTTP REQUEST GET https://cloudfunctions.googleapis.com/v1/operations/d2hlcmUtcy13YWxkby10b3AvdXMtY2VudHJhbDEvYWRkTW9ja1BsYXllclNlbGVjdGlvbi9VenA2aHBVcF91NA  
 
[debug] [2021-01-28T05:59:19.516Z] <<< HTTP RESPONSE 200 {"content-type":"application/json; charset=UTF-8","vary":"X-Origin, Referer, Origin,Accept-Encoding","date":"Thu, 28 Jan 2021 05:59:19 GMT","server":"ESF","cache-control":"private","x-xss-protection":"0","x-frame-options":"SAMEORIGIN","x-content-type-options":"nosniff","alt-svc":"h3-29=\":443\"; ma=2592000,h3-T051=\":443\"; ma=2592000,h3-Q050=\":443\"; ma=2592000,h3-Q046=\":443\"; ma=2592000,h3-Q043=\":443\"; ma=2592000,quic=\":443\"; ma=2592000; v=\"46,43\"","accept-ranges":"none","transfer-encoding":"chunked"}
[debug] [2021-01-28T05:59:19.520Z] <<< HTTP RESPONSE 200 {"content-type":"application/json; charset=UTF-8","vary":"X-Origin, Referer, Origin,Accept-Encoding","date":"Thu, 28 Jan 2021 05:59:19 GMT","server":"ESF","cache-control":"private","x-xss-protection":"0","x-frame-options":"SAMEORIGIN","x-content-type-options":"nosniff","alt-svc":"h3-29=\":443\"; ma=2592000,h3-T051=\":443\"; ma=2592000,h3-Q050=\":443\"; ma=2592000,h3-Q046=\":443\"; ma=2592000,h3-Q043=\":443\"; ma=2592000,quic=\":443\"; ma=2592000; v=\"46,43\"","accept-ranges":"none","transfer-encoding":"chunked"}
[debug] [2021-01-28T05:59:19.664Z] <<< HTTP RESPONSE 200 {"content-type":"application/json; charset=UTF-8","vary":"X-Origin, Referer, Origin,Accept-Encoding","date":"Thu, 28 Jan 2021 05:59:19 GMT","server":"ESF","cache-control":"private","x-xss-protection":"0","x-frame-options":"SAMEORIGIN","x-content-type-options":"nosniff","alt-svc":"h3-29=\":443\"; ma=2592000,h3-T051=\":443\"; ma=2592000,h3-Q050=\":443\"; ma=2592000,h3-Q046=\":443\"; ma=2592000,h3-Q043=\":443\"; ma=2592000,quic=\":443\"; ma=2592000; v=\"46,43\"","accept-ranges":"none","transfer-encoding":"chunked"}
[debug] [2021-01-28T05:59:21.522Z] >>> HTTP REQUEST GET https://cloudfunctions.googleapis.com/v1/operations/d2hlcmUtcy13YWxkby10b3AvdXMtY2VudHJhbDEvYWRkTW9ja0RhdGEvYzlUM2U4RmVBb28  
 
[debug] [2021-01-28T05:59:21.526Z] >>> HTTP REQUEST GET https://cloudfunctions.googleapis.com/v1/operations/d2hlcmUtcy13YWxkby10b3AvdXMtY2VudHJhbDEvaGFuZGxlUGxheWVyU2VsZWN0aW9uLzZVRVJTbGM1M3lr  
 
[debug] [2021-01-28T05:59:21.670Z] >>> HTTP REQUEST GET https://cloudfunctions.googleapis.com/v1/operations/d2hlcmUtcy13YWxkby10b3AvdXMtY2VudHJhbDEvYWRkTW9ja1BsYXllclNlbGVjdGlvbi9VenA2aHBVcF91NA  
 
[debug] [2021-01-28T05:59:22.101Z] <<< HTTP RESPONSE 200 {"content-type":"application/json; charset=UTF-8","vary":"X-Origin, Referer, Origin,Accept-Encoding","date":"Thu, 28 Jan 2021 05:59:21 GMT","server":"ESF","cache-control":"private","x-xss-protection":"0","x-frame-options":"SAMEORIGIN","x-content-type-options":"nosniff","alt-svc":"h3-29=\":443\"; ma=2592000,h3-T051=\":443\"; ma=2592000,h3-Q050=\":443\"; ma=2592000,h3-Q046=\":443\"; ma=2592000,h3-Q043=\":443\"; ma=2592000,quic=\":443\"; ma=2592000; v=\"46,43\"","accept-ranges":"none","transfer-encoding":"chunked"}
[debug] [2021-01-28T05:59:22.122Z] <<< HTTP RESPONSE 200 {"content-type":"application/json; charset=UTF-8","vary":"X-Origin, Referer, Origin,Accept-Encoding","date":"Thu, 28 Jan 2021 05:59:22 GMT","server":"ESF","cache-control":"private","x-xss-protection":"0","x-frame-options":"SAMEORIGIN","x-content-type-options":"nosniff","alt-svc":"h3-29=\":443\"; ma=2592000,h3-T051=\":443\"; ma=2592000,h3-Q050=\":443\"; ma=2592000,h3-Q046=\":443\"; ma=2592000,h3-Q043=\":443\"; ma=2592000,quic=\":443\"; ma=2592000; v=\"46,43\"","accept-ranges":"none","transfer-encoding":"chunked"}
[debug] [2021-01-28T05:59:22.158Z] <<< HTTP RESPONSE 200 {"content-type":"application/json; charset=UTF-8","vary":"X-Origin, Referer, Origin,Accept-Encoding","date":"Thu, 28 Jan 2021 05:59:22 GMT","server":"ESF","cache-control":"private","x-xss-protection":"0","x-frame-options":"SAMEORIGIN","x-content-type-options":"nosniff","alt-svc":"h3-29=\":443\"; ma=2592000,h3-T051=\":443\"; ma=2592000,h3-Q050=\":443\"; ma=2592000,h3-Q046=\":443\"; ma=2592000,h3-Q043=\":443\"; ma=2592000,quic=\":443\"; ma=2592000; v=\"46,43\"","accept-ranges":"none","transfer-encoding":"chunked"}
[debug] [2021-01-28T05:59:24.104Z] >>> HTTP REQUEST GET https://cloudfunctions.googleapis.com/v1/operations/d2hlcmUtcy13YWxkby10b3AvdXMtY2VudHJhbDEvYWRkTW9ja0RhdGEvYzlUM2U4RmVBb28  
 
[debug] [2021-01-28T05:59:24.123Z] >>> HTTP REQUEST GET https://cloudfunctions.googleapis.com/v1/operations/d2hlcmUtcy13YWxkby10b3AvdXMtY2VudHJhbDEvaGFuZGxlUGxheWVyU2VsZWN0aW9uLzZVRVJTbGM1M3lr  
 
[debug] [2021-01-28T05:59:24.163Z] >>> HTTP REQUEST GET https://cloudfunctions.googleapis.com/v1/operations/d2hlcmUtcy13YWxkby10b3AvdXMtY2VudHJhbDEvYWRkTW9ja1BsYXllclNlbGVjdGlvbi9VenA2aHBVcF91NA  
 
[debug] [2021-01-28T05:59:24.662Z] <<< HTTP RESPONSE 200 {"content-type":"application/json; charset=UTF-8","vary":"X-Origin, Referer, Origin,Accept-Encoding","date":"Thu, 28 Jan 2021 05:59:24 GMT","server":"ESF","cache-control":"private","x-xss-protection":"0","x-frame-options":"SAMEORIGIN","x-content-type-options":"nosniff","alt-svc":"h3-29=\":443\"; ma=2592000,h3-T051=\":443\"; ma=2592000,h3-Q050=\":443\"; ma=2592000,h3-Q046=\":443\"; ma=2592000,h3-Q043=\":443\"; ma=2592000,quic=\":443\"; ma=2592000; v=\"46,43\"","accept-ranges":"none","transfer-encoding":"chunked"}
[debug] [2021-01-28T05:59:24.663Z] <<< HTTP RESPONSE 200 {"content-type":"application/json; charset=UTF-8","vary":"X-Origin, Referer, Origin,Accept-Encoding","date":"Thu, 28 Jan 2021 05:59:24 GMT","server":"ESF","cache-control":"private","x-xss-protection":"0","x-frame-options":"SAMEORIGIN","x-content-type-options":"nosniff","alt-svc":"h3-29=\":443\"; ma=2592000,h3-T051=\":443\"; ma=2592000,h3-Q050=\":443\"; ma=2592000,h3-Q046=\":443\"; ma=2592000,h3-Q043=\":443\"; ma=2592000,quic=\":443\"; ma=2592000; v=\"46,43\"","accept-ranges":"none","transfer-encoding":"chunked"}
[debug] [2021-01-28T05:59:24.664Z] <<< HTTP RESPONSE 200 {"content-type":"application/json; charset=UTF-8","vary":"X-Origin, Referer, Origin,Accept-Encoding","date":"Thu, 28 Jan 2021 05:59:24 GMT","server":"ESF","cache-control":"private","x-xss-protection":"0","x-frame-options":"SAMEORIGIN","x-content-type-options":"nosniff","alt-svc":"h3-29=\":443\"; ma=2592000,h3-T051=\":443\"; ma=2592000,h3-Q050=\":443\"; ma=2592000,h3-Q046=\":443\"; ma=2592000,h3-Q043=\":443\"; ma=2592000,quic=\":443\"; ma=2592000; v=\"46,43\"","accept-ranges":"none","transfer-encoding":"chunked"}
[debug] [2021-01-28T05:59:26.668Z] >>> HTTP REQUEST GET https://cloudfunctions.googleapis.com/v1/operations/d2hlcmUtcy13YWxkby10b3AvdXMtY2VudHJhbDEvYWRkTW9ja0RhdGEvYzlUM2U4RmVBb28  
 
[debug] [2021-01-28T05:59:26.669Z] >>> HTTP REQUEST GET https://cloudfunctions.googleapis.com/v1/operations/d2hlcmUtcy13YWxkby10b3AvdXMtY2VudHJhbDEvaGFuZGxlUGxheWVyU2VsZWN0aW9uLzZVRVJTbGM1M3lr  
 
[debug] [2021-01-28T05:59:26.669Z] >>> HTTP REQUEST GET https://cloudfunctions.googleapis.com/v1/operations/d2hlcmUtcy13YWxkby10b3AvdXMtY2VudHJhbDEvYWRkTW9ja1BsYXllclNlbGVjdGlvbi9VenA2aHBVcF91NA  
 
[debug] [2021-01-28T05:59:27.222Z] <<< HTTP RESPONSE 200 {"content-type":"application/json; charset=UTF-8","vary":"X-Origin, Referer, Origin,Accept-Encoding","date":"Thu, 28 Jan 2021 05:59:27 GMT","server":"ESF","cache-control":"private","x-xss-protection":"0","x-frame-options":"SAMEORIGIN","x-content-type-options":"nosniff","alt-svc":"h3-29=\":443\"; ma=2592000,h3-T051=\":443\"; ma=2592000,h3-Q050=\":443\"; ma=2592000,h3-Q046=\":443\"; ma=2592000,h3-Q043=\":443\"; ma=2592000,quic=\":443\"; ma=2592000; v=\"46,43\"","accept-ranges":"none","transfer-encoding":"chunked"}
[debug] [2021-01-28T05:59:27.223Z] <<< HTTP RESPONSE 200 {"content-type":"application/json; charset=UTF-8","vary":"X-Origin, Referer, Origin,Accept-Encoding","date":"Thu, 28 Jan 2021 05:59:27 GMT","server":"ESF","cache-control":"private","x-xss-protection":"0","x-frame-options":"SAMEORIGIN","x-content-type-options":"nosniff","alt-svc":"h3-29=\":443\"; ma=2592000,h3-T051=\":443\"; ma=2592000,h3-Q050=\":443\"; ma=2592000,h3-Q046=\":443\"; ma=2592000,h3-Q043=\":443\"; ma=2592000,quic=\":443\"; ma=2592000; v=\"46,43\"","accept-ranges":"none","transfer-encoding":"chunked"}
[debug] [2021-01-28T05:59:27.224Z] <<< HTTP RESPONSE 200 {"content-type":"application/json; charset=UTF-8","vary":"X-Origin, Referer, Origin,Accept-Encoding","date":"Thu, 28 Jan 2021 05:59:27 GMT","server":"ESF","cache-control":"private","x-xss-protection":"0","x-frame-options":"SAMEORIGIN","x-content-type-options":"nosniff","alt-svc":"h3-29=\":443\"; ma=2592000,h3-T051=\":443\"; ma=2592000,h3-Q050=\":443\"; ma=2592000,h3-Q046=\":443\"; ma=2592000,h3-Q043=\":443\"; ma=2592000,quic=\":443\"; ma=2592000; v=\"46,43\"","accept-ranges":"none","transfer-encoding":"chunked"}
[debug] [2021-01-28T05:59:29.223Z] >>> HTTP REQUEST GET https://cloudfunctions.googleapis.com/v1/operations/d2hlcmUtcy13YWxkby10b3AvdXMtY2VudHJhbDEvYWRkTW9ja0RhdGEvYzlUM2U4RmVBb28  
 
[debug] [2021-01-28T05:59:29.226Z] >>> HTTP REQUEST GET https://cloudfunctions.googleapis.com/v1/operations/d2hlcmUtcy13YWxkby10b3AvdXMtY2VudHJhbDEvaGFuZGxlUGxheWVyU2VsZWN0aW9uLzZVRVJTbGM1M3lr  
 
[debug] [2021-01-28T05:59:29.226Z] >>> HTTP REQUEST GET https://cloudfunctions.googleapis.com/v1/operations/d2hlcmUtcy13YWxkby10b3AvdXMtY2VudHJhbDEvYWRkTW9ja1BsYXllclNlbGVjdGlvbi9VenA2aHBVcF91NA  
 
[debug] [2021-01-28T05:59:29.729Z] <<< HTTP RESPONSE 200 {"content-type":"application/json; charset=UTF-8","vary":"X-Origin, Referer, Origin,Accept-Encoding","date":"Thu, 28 Jan 2021 05:59:29 GMT","server":"ESF","cache-control":"private","x-xss-protection":"0","x-frame-options":"SAMEORIGIN","x-content-type-options":"nosniff","alt-svc":"h3-29=\":443\"; ma=2592000,h3-T051=\":443\"; ma=2592000,h3-Q050=\":443\"; ma=2592000,h3-Q046=\":443\"; ma=2592000,h3-Q043=\":443\"; ma=2592000,quic=\":443\"; ma=2592000; v=\"46,43\"","accept-ranges":"none","transfer-encoding":"chunked"}
[debug] [2021-01-28T05:59:29.760Z] <<< HTTP RESPONSE 200 {"content-type":"application/json; charset=UTF-8","vary":"X-Origin, Referer, Origin,Accept-Encoding","date":"Thu, 28 Jan 2021 05:59:29 GMT","server":"ESF","cache-control":"private","x-xss-protection":"0","x-frame-options":"SAMEORIGIN","x-content-type-options":"nosniff","alt-svc":"h3-29=\":443\"; ma=2592000,h3-T051=\":443\"; ma=2592000,h3-Q050=\":443\"; ma=2592000,h3-Q046=\":443\"; ma=2592000,h3-Q043=\":443\"; ma=2592000,quic=\":443\"; ma=2592000; v=\"46,43\"","accept-ranges":"none","transfer-encoding":"chunked"}
[debug] [2021-01-28T05:59:29.802Z] <<< HTTP RESPONSE 200 {"content-type":"application/json; charset=UTF-8","vary":"X-Origin, Referer, Origin,Accept-Encoding","date":"Thu, 28 Jan 2021 05:59:29 GMT","server":"ESF","cache-control":"private","x-xss-protection":"0","x-frame-options":"SAMEORIGIN","x-content-type-options":"nosniff","alt-svc":"h3-29=\":443\"; ma=2592000,h3-T051=\":443\"; ma=2592000,h3-Q050=\":443\"; ma=2592000,h3-Q046=\":443\"; ma=2592000,h3-Q043=\":443\"; ma=2592000,quic=\":443\"; ma=2592000; v=\"46,43\"","accept-ranges":"none","transfer-encoding":"chunked"}
[debug] [2021-01-28T05:59:31.730Z] >>> HTTP REQUEST GET https://cloudfunctions.googleapis.com/v1/operations/d2hlcmUtcy13YWxkby10b3AvdXMtY2VudHJhbDEvaGFuZGxlUGxheWVyU2VsZWN0aW9uLzZVRVJTbGM1M3lr  
 
[debug] [2021-01-28T05:59:31.766Z] >>> HTTP REQUEST GET https://cloudfunctions.googleapis.com/v1/operations/d2hlcmUtcy13YWxkby10b3AvdXMtY2VudHJhbDEvYWRkTW9ja1BsYXllclNlbGVjdGlvbi9VenA2aHBVcF91NA  
 
[debug] [2021-01-28T05:59:31.806Z] >>> HTTP REQUEST GET https://cloudfunctions.googleapis.com/v1/operations/d2hlcmUtcy13YWxkby10b3AvdXMtY2VudHJhbDEvYWRkTW9ja0RhdGEvYzlUM2U4RmVBb28  
 
[debug] [2021-01-28T05:59:32.240Z] <<< HTTP RESPONSE 200 {"content-type":"application/json; charset=UTF-8","vary":"X-Origin, Referer, Origin,Accept-Encoding","date":"Thu, 28 Jan 2021 05:59:32 GMT","server":"ESF","cache-control":"private","x-xss-protection":"0","x-frame-options":"SAMEORIGIN","x-content-type-options":"nosniff","alt-svc":"h3-29=\":443\"; ma=2592000,h3-T051=\":443\"; ma=2592000,h3-Q050=\":443\"; ma=2592000,h3-Q046=\":443\"; ma=2592000,h3-Q043=\":443\"; ma=2592000,quic=\":443\"; ma=2592000; v=\"46,43\"","accept-ranges":"none","transfer-encoding":"chunked"}
[debug] [2021-01-28T05:59:32.243Z] <<< HTTP RESPONSE 200 {"content-type":"application/json; charset=UTF-8","vary":"X-Origin, Referer, Origin,Accept-Encoding","date":"Thu, 28 Jan 2021 05:59:32 GMT","server":"ESF","cache-control":"private","x-xss-protection":"0","x-frame-options":"SAMEORIGIN","x-content-type-options":"nosniff","alt-svc":"h3-29=\":443\"; ma=2592000,h3-T051=\":443\"; ma=2592000,h3-Q050=\":443\"; ma=2592000,h3-Q046=\":443\"; ma=2592000,h3-Q043=\":443\"; ma=2592000,quic=\":443\"; ma=2592000; v=\"46,43\"","accept-ranges":"none","transfer-encoding":"chunked"}
[debug] [2021-01-28T05:59:32.292Z] <<< HTTP RESPONSE 200 {"content-type":"application/json; charset=UTF-8","vary":"X-Origin, Referer, Origin,Accept-Encoding","date":"Thu, 28 Jan 2021 05:59:32 GMT","server":"ESF","cache-control":"private","x-xss-protection":"0","x-frame-options":"SAMEORIGIN","x-content-type-options":"nosniff","alt-svc":"h3-29=\":443\"; ma=2592000,h3-T051=\":443\"; ma=2592000,h3-Q050=\":443\"; ma=2592000,h3-Q046=\":443\"; ma=2592000,h3-Q043=\":443\"; ma=2592000,quic=\":443\"; ma=2592000; v=\"46,43\"","accept-ranges":"none","transfer-encoding":"chunked"}
[debug] [2021-01-28T05:59:34.244Z] >>> HTTP REQUEST GET https://cloudfunctions.googleapis.com/v1/operations/d2hlcmUtcy13YWxkby10b3AvdXMtY2VudHJhbDEvaGFuZGxlUGxheWVyU2VsZWN0aW9uLzZVRVJTbGM1M3lr  
 
[debug] [2021-01-28T05:59:34.247Z] >>> HTTP REQUEST GET https://cloudfunctions.googleapis.com/v1/operations/d2hlcmUtcy13YWxkby10b3AvdXMtY2VudHJhbDEvYWRkTW9ja1BsYXllclNlbGVjdGlvbi9VenA2aHBVcF91NA  
 
[debug] [2021-01-28T05:59:34.298Z] >>> HTTP REQUEST GET https://cloudfunctions.googleapis.com/v1/operations/d2hlcmUtcy13YWxkby10b3AvdXMtY2VudHJhbDEvYWRkTW9ja0RhdGEvYzlUM2U4RmVBb28  
 
[debug] [2021-01-28T05:59:34.800Z] <<< HTTP RESPONSE 200 {"content-type":"application/json; charset=UTF-8","vary":"X-Origin, Referer, Origin,Accept-Encoding","date":"Thu, 28 Jan 2021 05:59:34 GMT","server":"ESF","cache-control":"private","x-xss-protection":"0","x-frame-options":"SAMEORIGIN","x-content-type-options":"nosniff","alt-svc":"h3-29=\":443\"; ma=2592000,h3-T051=\":443\"; ma=2592000,h3-Q050=\":443\"; ma=2592000,h3-Q046=\":443\"; ma=2592000,h3-Q043=\":443\"; ma=2592000,quic=\":443\"; ma=2592000; v=\"46,43\"","accept-ranges":"none","transfer-encoding":"chunked"}
[debug] [2021-01-28T05:59:34.801Z] <<< HTTP RESPONSE 200 {"content-type":"application/json; charset=UTF-8","vary":"X-Origin, Referer, Origin,Accept-Encoding","date":"Thu, 28 Jan 2021 05:59:34 GMT","server":"ESF","cache-control":"private","x-xss-protection":"0","x-frame-options":"SAMEORIGIN","x-content-type-options":"nosniff","alt-svc":"h3-29=\":443\"; ma=2592000,h3-T051=\":443\"; ma=2592000,h3-Q050=\":443\"; ma=2592000,h3-Q046=\":443\"; ma=2592000,h3-Q043=\":443\"; ma=2592000,quic=\":443\"; ma=2592000; v=\"46,43\"","accept-ranges":"none","transfer-encoding":"chunked"}
[debug] [2021-01-28T05:59:34.818Z] <<< HTTP RESPONSE 200 {"content-type":"application/json; charset=UTF-8","vary":"X-Origin, Referer, Origin,Accept-Encoding","date":"Thu, 28 Jan 2021 05:59:34 GMT","server":"ESF","cache-control":"private","x-xss-protection":"0","x-frame-options":"SAMEORIGIN","x-content-type-options":"nosniff","alt-svc":"h3-29=\":443\"; ma=2592000,h3-T051=\":443\"; ma=2592000,h3-Q050=\":443\"; ma=2592000,h3-Q046=\":443\"; ma=2592000,h3-Q043=\":443\"; ma=2592000,quic=\":443\"; ma=2592000; v=\"46,43\"","accept-ranges":"none","transfer-encoding":"chunked"}
[debug] [2021-01-28T05:59:36.801Z] >>> HTTP REQUEST GET https://cloudfunctions.googleapis.com/v1/operations/d2hlcmUtcy13YWxkby10b3AvdXMtY2VudHJhbDEvYWRkTW9ja1BsYXllclNlbGVjdGlvbi9VenA2aHBVcF91NA  
 
[debug] [2021-01-28T05:59:36.802Z] >>> HTTP REQUEST GET https://cloudfunctions.googleapis.com/v1/operations/d2hlcmUtcy13YWxkby10b3AvdXMtY2VudHJhbDEvYWRkTW9ja0RhdGEvYzlUM2U4RmVBb28  
 
[debug] [2021-01-28T05:59:36.820Z] >>> HTTP REQUEST GET https://cloudfunctions.googleapis.com/v1/operations/d2hlcmUtcy13YWxkby10b3AvdXMtY2VudHJhbDEvaGFuZGxlUGxheWVyU2VsZWN0aW9uLzZVRVJTbGM1M3lr  
 
[debug] [2021-01-28T05:59:37.279Z] <<< HTTP RESPONSE 200 {"content-type":"application/json; charset=UTF-8","vary":"X-Origin, Referer, Origin,Accept-Encoding","date":"Thu, 28 Jan 2021 05:59:37 GMT","server":"ESF","cache-control":"private","x-xss-protection":"0","x-frame-options":"SAMEORIGIN","x-content-type-options":"nosniff","alt-svc":"h3-29=\":443\"; ma=2592000,h3-T051=\":443\"; ma=2592000,h3-Q050=\":443\"; ma=2592000,h3-Q046=\":443\"; ma=2592000,h3-Q043=\":443\"; ma=2592000,quic=\":443\"; ma=2592000; v=\"46,43\"","accept-ranges":"none","transfer-encoding":"chunked"}
[debug] [2021-01-28T05:59:37.294Z] <<< HTTP RESPONSE 200 {"content-type":"application/json; charset=UTF-8","vary":"X-Origin, Referer, Origin,Accept-Encoding","date":"Thu, 28 Jan 2021 05:59:37 GMT","server":"ESF","cache-control":"private","x-xss-protection":"0","x-frame-options":"SAMEORIGIN","x-content-type-options":"nosniff","alt-svc":"h3-29=\":443\"; ma=2592000,h3-T051=\":443\"; ma=2592000,h3-Q050=\":443\"; ma=2592000,h3-Q046=\":443\"; ma=2592000,h3-Q043=\":443\"; ma=2592000,quic=\":443\"; ma=2592000; v=\"46,43\"","accept-ranges":"none","transfer-encoding":"chunked"}
[debug] [2021-01-28T05:59:37.348Z] <<< HTTP RESPONSE 200 {"content-type":"application/json; charset=UTF-8","vary":"X-Origin, Referer, Origin,Accept-Encoding","date":"Thu, 28 Jan 2021 05:59:37 GMT","server":"ESF","cache-control":"private","x-xss-protection":"0","x-frame-options":"SAMEORIGIN","x-content-type-options":"nosniff","alt-svc":"h3-29=\":443\"; ma=2592000,h3-T051=\":443\"; ma=2592000,h3-Q050=\":443\"; ma=2592000,h3-Q046=\":443\"; ma=2592000,h3-Q043=\":443\"; ma=2592000,quic=\":443\"; ma=2592000; v=\"46,43\"","accept-ranges":"none","transfer-encoding":"chunked"}
[debug] [2021-01-28T05:59:39.282Z] >>> HTTP REQUEST GET https://cloudfunctions.googleapis.com/v1/operations/d2hlcmUtcy13YWxkby10b3AvdXMtY2VudHJhbDEvYWRkTW9ja0RhdGEvYzlUM2U4RmVBb28  
 
[debug] [2021-01-28T05:59:39.296Z] >>> HTTP REQUEST GET https://cloudfunctions.googleapis.com/v1/operations/d2hlcmUtcy13YWxkby10b3AvdXMtY2VudHJhbDEvaGFuZGxlUGxheWVyU2VsZWN0aW9uLzZVRVJTbGM1M3lr  
 
[debug] [2021-01-28T05:59:39.353Z] >>> HTTP REQUEST GET https://cloudfunctions.googleapis.com/v1/operations/d2hlcmUtcy13YWxkby10b3AvdXMtY2VudHJhbDEvYWRkTW9ja1BsYXllclNlbGVjdGlvbi9VenA2aHBVcF91NA  
 
[debug] [2021-01-28T05:59:39.753Z] <<< HTTP RESPONSE 200 {"content-type":"application/json; charset=UTF-8","vary":"X-Origin, Referer, Origin,Accept-Encoding","date":"Thu, 28 Jan 2021 05:59:39 GMT","server":"ESF","cache-control":"private","x-xss-protection":"0","x-frame-options":"SAMEORIGIN","x-content-type-options":"nosniff","alt-svc":"h3-29=\":443\"; ma=2592000,h3-T051=\":443\"; ma=2592000,h3-Q050=\":443\"; ma=2592000,h3-Q046=\":443\"; ma=2592000,h3-Q043=\":443\"; ma=2592000,quic=\":443\"; ma=2592000; v=\"46,43\"","accept-ranges":"none","transfer-encoding":"chunked"}
[debug] [2021-01-28T05:59:39.768Z] <<< HTTP RESPONSE 200 {"content-type":"application/json; charset=UTF-8","vary":"X-Origin, Referer, Origin,Accept-Encoding","date":"Thu, 28 Jan 2021 05:59:39 GMT","server":"ESF","cache-control":"private","x-xss-protection":"0","x-frame-options":"SAMEORIGIN","x-content-type-options":"nosniff","alt-svc":"h3-29=\":443\"; ma=2592000,h3-T051=\":443\"; ma=2592000,h3-Q050=\":443\"; ma=2592000,h3-Q046=\":443\"; ma=2592000,h3-Q043=\":443\"; ma=2592000,quic=\":443\"; ma=2592000; v=\"46,43\"","accept-ranges":"none","transfer-encoding":"chunked"}
[debug] [2021-01-28T05:59:39.836Z] <<< HTTP RESPONSE 200 {"content-type":"application/json; charset=UTF-8","vary":"X-Origin, Referer, Origin,Accept-Encoding","date":"Thu, 28 Jan 2021 05:59:39 GMT","server":"ESF","cache-control":"private","x-xss-protection":"0","x-frame-options":"SAMEORIGIN","x-content-type-options":"nosniff","alt-svc":"h3-29=\":443\"; ma=2592000,h3-T051=\":443\"; ma=2592000,h3-Q050=\":443\"; ma=2592000,h3-Q046=\":443\"; ma=2592000,h3-Q043=\":443\"; ma=2592000,quic=\":443\"; ma=2592000; v=\"46,43\"","accept-ranges":"none","transfer-encoding":"chunked"}
[debug] [2021-01-28T05:59:41.759Z] >>> HTTP REQUEST GET https://cloudfunctions.googleapis.com/v1/operations/d2hlcmUtcy13YWxkby10b3AvdXMtY2VudHJhbDEvYWRkTW9ja0RhdGEvYzlUM2U4RmVBb28  
 
[debug] [2021-01-28T05:59:41.769Z] >>> HTTP REQUEST GET https://cloudfunctions.googleapis.com/v1/operations/d2hlcmUtcy13YWxkby10b3AvdXMtY2VudHJhbDEvaGFuZGxlUGxheWVyU2VsZWN0aW9uLzZVRVJTbGM1M3lr  
 
[debug] [2021-01-28T05:59:41.840Z] >>> HTTP REQUEST GET https://cloudfunctions.googleapis.com/v1/operations/d2hlcmUtcy13YWxkby10b3AvdXMtY2VudHJhbDEvYWRkTW9ja1BsYXllclNlbGVjdGlvbi9VenA2aHBVcF91NA  
 
[debug] [2021-01-28T05:59:42.275Z] <<< HTTP RESPONSE 200 {"content-type":"application/json; charset=UTF-8","vary":"X-Origin, Referer, Origin,Accept-Encoding","date":"Thu, 28 Jan 2021 05:59:42 GMT","server":"ESF","cache-control":"private","x-xss-protection":"0","x-frame-options":"SAMEORIGIN","x-content-type-options":"nosniff","alt-svc":"h3-29=\":443\"; ma=2592000,h3-T051=\":443\"; ma=2592000,h3-Q050=\":443\"; ma=2592000,h3-Q046=\":443\"; ma=2592000,h3-Q043=\":443\"; ma=2592000,quic=\":443\"; ma=2592000; v=\"46,43\"","accept-ranges":"none","transfer-encoding":"chunked"}
[debug] [2021-01-28T05:59:42.276Z] <<< HTTP RESPONSE 200 {"content-type":"application/json; charset=UTF-8","vary":"X-Origin, Referer, Origin,Accept-Encoding","date":"Thu, 28 Jan 2021 05:59:42 GMT","server":"ESF","cache-control":"private","x-xss-protection":"0","x-frame-options":"SAMEORIGIN","x-content-type-options":"nosniff","alt-svc":"h3-29=\":443\"; ma=2592000,h3-T051=\":443\"; ma=2592000,h3-Q050=\":443\"; ma=2592000,h3-Q046=\":443\"; ma=2592000,h3-Q043=\":443\"; ma=2592000,quic=\":443\"; ma=2592000; v=\"46,43\"","accept-ranges":"none","transfer-encoding":"chunked"}
[debug] [2021-01-28T05:59:42.329Z] <<< HTTP RESPONSE 200 {"content-type":"application/json; charset=UTF-8","vary":"X-Origin, Referer, Origin,Accept-Encoding","date":"Thu, 28 Jan 2021 05:59:42 GMT","server":"ESF","cache-control":"private","x-xss-protection":"0","x-frame-options":"SAMEORIGIN","x-content-type-options":"nosniff","alt-svc":"h3-29=\":443\"; ma=2592000,h3-T051=\":443\"; ma=2592000,h3-Q050=\":443\"; ma=2592000,h3-Q046=\":443\"; ma=2592000,h3-Q043=\":443\"; ma=2592000,quic=\":443\"; ma=2592000; v=\"46,43\"","accept-ranges":"none","transfer-encoding":"chunked"}
[debug] [2021-01-28T05:59:44.277Z] >>> HTTP REQUEST GET https://cloudfunctions.googleapis.com/v1/operations/d2hlcmUtcy13YWxkby10b3AvdXMtY2VudHJhbDEvYWRkTW9ja0RhdGEvYzlUM2U4RmVBb28  
 
[debug] [2021-01-28T05:59:44.278Z] >>> HTTP REQUEST GET https://cloudfunctions.googleapis.com/v1/operations/d2hlcmUtcy13YWxkby10b3AvdXMtY2VudHJhbDEvaGFuZGxlUGxheWVyU2VsZWN0aW9uLzZVRVJTbGM1M3lr  
 
[debug] [2021-01-28T05:59:44.332Z] >>> HTTP REQUEST GET https://cloudfunctions.googleapis.com/v1/operations/d2hlcmUtcy13YWxkby10b3AvdXMtY2VudHJhbDEvYWRkTW9ja1BsYXllclNlbGVjdGlvbi9VenA2aHBVcF91NA  
 
[debug] [2021-01-28T05:59:44.764Z] <<< HTTP RESPONSE 200 {"content-type":"application/json; charset=UTF-8","vary":"X-Origin, Referer, Origin,Accept-Encoding","date":"Thu, 28 Jan 2021 05:59:44 GMT","server":"ESF","cache-control":"private","x-xss-protection":"0","x-frame-options":"SAMEORIGIN","x-content-type-options":"nosniff","alt-svc":"h3-29=\":443\"; ma=2592000,h3-T051=\":443\"; ma=2592000,h3-Q050=\":443\"; ma=2592000,h3-Q046=\":443\"; ma=2592000,h3-Q043=\":443\"; ma=2592000,quic=\":443\"; ma=2592000; v=\"46,43\"","accept-ranges":"none","transfer-encoding":"chunked"}
[debug] [2021-01-28T05:59:44.824Z] <<< HTTP RESPONSE 200 {"content-type":"application/json; charset=UTF-8","vary":"X-Origin, Referer, Origin,Accept-Encoding","date":"Thu, 28 Jan 2021 05:59:44 GMT","server":"ESF","cache-control":"private","x-xss-protection":"0","x-frame-options":"SAMEORIGIN","x-content-type-options":"nosniff","alt-svc":"h3-29=\":443\"; ma=2592000,h3-T051=\":443\"; ma=2592000,h3-Q050=\":443\"; ma=2592000,h3-Q046=\":443\"; ma=2592000,h3-Q043=\":443\"; ma=2592000,quic=\":443\"; ma=2592000; v=\"46,43\"","accept-ranges":"none","transfer-encoding":"chunked"}
[debug] [2021-01-28T05:59:44.910Z] <<< HTTP RESPONSE 200 {"content-type":"application/json; charset=UTF-8","vary":"X-Origin, Referer, Origin,Accept-Encoding","date":"Thu, 28 Jan 2021 05:59:44 GMT","server":"ESF","cache-control":"private","x-xss-protection":"0","x-frame-options":"SAMEORIGIN","x-content-type-options":"nosniff","alt-svc":"h3-29=\":443\"; ma=2592000,h3-T051=\":443\"; ma=2592000,h3-Q050=\":443\"; ma=2592000,h3-Q046=\":443\"; ma=2592000,h3-Q043=\":443\"; ma=2592000,quic=\":443\"; ma=2592000; v=\"46,43\"","accept-ranges":"none","transfer-encoding":"chunked"}
[debug] [2021-01-28T05:59:46.767Z] >>> HTTP REQUEST GET https://cloudfunctions.googleapis.com/v1/operations/d2hlcmUtcy13YWxkby10b3AvdXMtY2VudHJhbDEvaGFuZGxlUGxheWVyU2VsZWN0aW9uLzZVRVJTbGM1M3lr  
 
[debug] [2021-01-28T05:59:46.826Z] >>> HTTP REQUEST GET https://cloudfunctions.googleapis.com/v1/operations/d2hlcmUtcy13YWxkby10b3AvdXMtY2VudHJhbDEvYWRkTW9ja1BsYXllclNlbGVjdGlvbi9VenA2aHBVcF91NA  
 
[debug] [2021-01-28T05:59:46.911Z] >>> HTTP REQUEST GET https://cloudfunctions.googleapis.com/v1/operations/d2hlcmUtcy13YWxkby10b3AvdXMtY2VudHJhbDEvYWRkTW9ja0RhdGEvYzlUM2U4RmVBb28  
 
[debug] [2021-01-28T05:59:47.317Z] <<< HTTP RESPONSE 200 {"content-type":"application/json; charset=UTF-8","vary":"X-Origin, Referer, Origin,Accept-Encoding","date":"Thu, 28 Jan 2021 05:59:47 GMT","server":"ESF","cache-control":"private","x-xss-protection":"0","x-frame-options":"SAMEORIGIN","x-content-type-options":"nosniff","alt-svc":"h3-29=\":443\"; ma=2592000,h3-T051=\":443\"; ma=2592000,h3-Q050=\":443\"; ma=2592000,h3-Q046=\":443\"; ma=2592000,h3-Q043=\":443\"; ma=2592000,quic=\":443\"; ma=2592000; v=\"46,43\"","accept-ranges":"none","transfer-encoding":"chunked"}
[debug] [2021-01-28T05:59:47.394Z] <<< HTTP RESPONSE 200 {"content-type":"application/json; charset=UTF-8","vary":"X-Origin, Referer, Origin,Accept-Encoding","date":"Thu, 28 Jan 2021 05:59:47 GMT","server":"ESF","cache-control":"private","x-xss-protection":"0","x-frame-options":"SAMEORIGIN","x-content-type-options":"nosniff","alt-svc":"h3-29=\":443\"; ma=2592000,h3-T051=\":443\"; ma=2592000,h3-Q050=\":443\"; ma=2592000,h3-Q046=\":443\"; ma=2592000,h3-Q043=\":443\"; ma=2592000,quic=\":443\"; ma=2592000; v=\"46,43\"","accept-ranges":"none","transfer-encoding":"chunked"}
[debug] [2021-01-28T05:59:47.479Z] <<< HTTP RESPONSE 200 {"content-type":"application/json; charset=UTF-8","vary":"X-Origin, Referer, Origin,Accept-Encoding","date":"Thu, 28 Jan 2021 05:59:47 GMT","server":"ESF","cache-control":"private","x-xss-protection":"0","x-frame-options":"SAMEORIGIN","x-content-type-options":"nosniff","alt-svc":"h3-29=\":443\"; ma=2592000,h3-T051=\":443\"; ma=2592000,h3-Q050=\":443\"; ma=2592000,h3-Q046=\":443\"; ma=2592000,h3-Q043=\":443\"; ma=2592000,quic=\":443\"; ma=2592000; v=\"46,43\"","accept-ranges":"none","transfer-encoding":"chunked"}
[debug] [2021-01-28T05:59:49.319Z] >>> HTTP REQUEST GET https://cloudfunctions.googleapis.com/v1/operations/d2hlcmUtcy13YWxkby10b3AvdXMtY2VudHJhbDEvYWRkTW9ja1BsYXllclNlbGVjdGlvbi9VenA2aHBVcF91NA  
 
[debug] [2021-01-28T05:59:49.395Z] >>> HTTP REQUEST GET https://cloudfunctions.googleapis.com/v1/operations/d2hlcmUtcy13YWxkby10b3AvdXMtY2VudHJhbDEvYWRkTW9ja0RhdGEvYzlUM2U4RmVBb28  
 
[debug] [2021-01-28T05:59:49.484Z] >>> HTTP REQUEST GET https://cloudfunctions.googleapis.com/v1/operations/d2hlcmUtcy13YWxkby10b3AvdXMtY2VudHJhbDEvaGFuZGxlUGxheWVyU2VsZWN0aW9uLzZVRVJTbGM1M3lr  
 
[debug] [2021-01-28T05:59:49.794Z] <<< HTTP RESPONSE 200 {"content-type":"application/json; charset=UTF-8","vary":"X-Origin, Referer, Origin,Accept-Encoding","date":"Thu, 28 Jan 2021 05:59:49 GMT","server":"ESF","cache-control":"private","x-xss-protection":"0","x-frame-options":"SAMEORIGIN","x-content-type-options":"nosniff","alt-svc":"h3-29=\":443\"; ma=2592000,h3-T051=\":443\"; ma=2592000,h3-Q050=\":443\"; ma=2592000,h3-Q046=\":443\"; ma=2592000,h3-Q043=\":443\"; ma=2592000,quic=\":443\"; ma=2592000; v=\"46,43\"","accept-ranges":"none","transfer-encoding":"chunked"}
[debug] [2021-01-28T05:59:49.885Z] <<< HTTP RESPONSE 200 {"content-type":"application/json; charset=UTF-8","vary":"X-Origin, Referer, Origin,Accept-Encoding","date":"Thu, 28 Jan 2021 05:59:49 GMT","server":"ESF","cache-control":"private","x-xss-protection":"0","x-frame-options":"SAMEORIGIN","x-content-type-options":"nosniff","alt-svc":"h3-29=\":443\"; ma=2592000,h3-T051=\":443\"; ma=2592000,h3-Q050=\":443\"; ma=2592000,h3-Q046=\":443\"; ma=2592000,h3-Q043=\":443\"; ma=2592000,quic=\":443\"; ma=2592000; v=\"46,43\"","accept-ranges":"none","transfer-encoding":"chunked"}
[debug] [2021-01-28T05:59:49.975Z] <<< HTTP RESPONSE 200 {"content-type":"application/json; charset=UTF-8","vary":"X-Origin, Referer, Origin,Accept-Encoding","date":"Thu, 28 Jan 2021 05:59:49 GMT","server":"ESF","cache-control":"private","x-xss-protection":"0","x-frame-options":"SAMEORIGIN","x-content-type-options":"nosniff","alt-svc":"h3-29=\":443\"; ma=2592000,h3-T051=\":443\"; ma=2592000,h3-Q050=\":443\"; ma=2592000,h3-Q046=\":443\"; ma=2592000,h3-Q043=\":443\"; ma=2592000,quic=\":443\"; ma=2592000; v=\"46,43\"","accept-ranges":"none","transfer-encoding":"chunked"}
[debug] [2021-01-28T05:59:51.794Z] >>> HTTP REQUEST GET https://cloudfunctions.googleapis.com/v1/operations/d2hlcmUtcy13YWxkby10b3AvdXMtY2VudHJhbDEvYWRkTW9ja1BsYXllclNlbGVjdGlvbi9VenA2aHBVcF91NA  
 
[debug] [2021-01-28T05:59:51.890Z] >>> HTTP REQUEST GET https://cloudfunctions.googleapis.com/v1/operations/d2hlcmUtcy13YWxkby10b3AvdXMtY2VudHJhbDEvYWRkTW9ja0RhdGEvYzlUM2U4RmVBb28  
 
[debug] [2021-01-28T05:59:51.978Z] >>> HTTP REQUEST GET https://cloudfunctions.googleapis.com/v1/operations/d2hlcmUtcy13YWxkby10b3AvdXMtY2VudHJhbDEvaGFuZGxlUGxheWVyU2VsZWN0aW9uLzZVRVJTbGM1M3lr  
 
[debug] [2021-01-28T05:59:52.271Z] <<< HTTP RESPONSE 200 {"content-type":"application/json; charset=UTF-8","vary":"X-Origin, Referer, Origin,Accept-Encoding","date":"Thu, 28 Jan 2021 05:59:52 GMT","server":"ESF","cache-control":"private","x-xss-protection":"0","x-frame-options":"SAMEORIGIN","x-content-type-options":"nosniff","alt-svc":"h3-29=\":443\"; ma=2592000,h3-T051=\":443\"; ma=2592000,h3-Q050=\":443\"; ma=2592000,h3-Q046=\":443\"; ma=2592000,h3-Q043=\":443\"; ma=2592000,quic=\":443\"; ma=2592000; v=\"46,43\"","accept-ranges":"none","transfer-encoding":"chunked"}
[debug] [2021-01-28T05:59:52.374Z] <<< HTTP RESPONSE 200 {"content-type":"application/json; charset=UTF-8","vary":"X-Origin, Referer, Origin,Accept-Encoding","date":"Thu, 28 Jan 2021 05:59:52 GMT","server":"ESF","cache-control":"private","x-xss-protection":"0","x-frame-options":"SAMEORIGIN","x-content-type-options":"nosniff","alt-svc":"h3-29=\":443\"; ma=2592000,h3-T051=\":443\"; ma=2592000,h3-Q050=\":443\"; ma=2592000,h3-Q046=\":443\"; ma=2592000,h3-Q043=\":443\"; ma=2592000,quic=\":443\"; ma=2592000; v=\"46,43\"","accept-ranges":"none","transfer-encoding":"chunked"}
[debug] [2021-01-28T05:59:52.454Z] <<< HTTP RESPONSE 200 {"content-type":"application/json; charset=UTF-8","vary":"X-Origin, Referer, Origin,Accept-Encoding","date":"Thu, 28 Jan 2021 05:59:52 GMT","server":"ESF","cache-control":"private","x-xss-protection":"0","x-frame-options":"SAMEORIGIN","x-content-type-options":"nosniff","alt-svc":"h3-29=\":443\"; ma=2592000,h3-T051=\":443\"; ma=2592000,h3-Q050=\":443\"; ma=2592000,h3-Q046=\":443\"; ma=2592000,h3-Q043=\":443\"; ma=2592000,quic=\":443\"; ma=2592000; v=\"46,43\"","accept-ranges":"none","transfer-encoding":"chunked"}
[debug] [2021-01-28T05:59:54.272Z] >>> HTTP REQUEST GET https://cloudfunctions.googleapis.com/v1/operations/d2hlcmUtcy13YWxkby10b3AvdXMtY2VudHJhbDEvYWRkTW9ja1BsYXllclNlbGVjdGlvbi9VenA2aHBVcF91NA  
 
[debug] [2021-01-28T05:59:54.374Z] >>> HTTP REQUEST GET https://cloudfunctions.googleapis.com/v1/operations/d2hlcmUtcy13YWxkby10b3AvdXMtY2VudHJhbDEvYWRkTW9ja0RhdGEvYzlUM2U4RmVBb28  
 
[debug] [2021-01-28T05:59:54.460Z] >>> HTTP REQUEST GET https://cloudfunctions.googleapis.com/v1/operations/d2hlcmUtcy13YWxkby10b3AvdXMtY2VudHJhbDEvaGFuZGxlUGxheWVyU2VsZWN0aW9uLzZVRVJTbGM1M3lr  
 
[debug] [2021-01-28T05:59:54.751Z] <<< HTTP RESPONSE 200 {"content-type":"application/json; charset=UTF-8","vary":"X-Origin, Referer, Origin,Accept-Encoding","date":"Thu, 28 Jan 2021 05:59:54 GMT","server":"ESF","cache-control":"private","x-xss-protection":"0","x-frame-options":"SAMEORIGIN","x-content-type-options":"nosniff","alt-svc":"h3-29=\":443\"; ma=2592000,h3-T051=\":443\"; ma=2592000,h3-Q050=\":443\"; ma=2592000,h3-Q046=\":443\"; ma=2592000,h3-Q043=\":443\"; ma=2592000,quic=\":443\"; ma=2592000; v=\"46,43\"","accept-ranges":"none","transfer-encoding":"chunked"}
[debug] [2021-01-28T05:59:54.843Z] <<< HTTP RESPONSE 200 {"content-type":"application/json; charset=UTF-8","vary":"X-Origin, Referer, Origin,Accept-Encoding","date":"Thu, 28 Jan 2021 05:59:54 GMT","server":"ESF","cache-control":"private","x-xss-protection":"0","x-frame-options":"SAMEORIGIN","x-content-type-options":"nosniff","alt-svc":"h3-29=\":443\"; ma=2592000,h3-T051=\":443\"; ma=2592000,h3-Q050=\":443\"; ma=2592000,h3-Q046=\":443\"; ma=2592000,h3-Q043=\":443\"; ma=2592000,quic=\":443\"; ma=2592000; v=\"46,43\"","accept-ranges":"none","transfer-encoding":"chunked"}
[debug] [2021-01-28T05:59:54.954Z] <<< HTTP RESPONSE 200 {"content-type":"application/json; charset=UTF-8","vary":"X-Origin, Referer, Origin,Accept-Encoding","date":"Thu, 28 Jan 2021 05:59:54 GMT","server":"ESF","cache-control":"private","x-xss-protection":"0","x-frame-options":"SAMEORIGIN","x-content-type-options":"nosniff","alt-svc":"h3-29=\":443\"; ma=2592000,h3-T051=\":443\"; ma=2592000,h3-Q050=\":443\"; ma=2592000,h3-Q046=\":443\"; ma=2592000,h3-Q043=\":443\"; ma=2592000,quic=\":443\"; ma=2592000; v=\"46,43\"","accept-ranges":"none","transfer-encoding":"chunked"}
[debug] [2021-01-28T05:59:56.752Z] >>> HTTP REQUEST GET https://cloudfunctions.googleapis.com/v1/operations/d2hlcmUtcy13YWxkby10b3AvdXMtY2VudHJhbDEvYWRkTW9ja1BsYXllclNlbGVjdGlvbi9VenA2aHBVcF91NA  
 
[debug] [2021-01-28T05:59:56.849Z] >>> HTTP REQUEST GET https://cloudfunctions.googleapis.com/v1/operations/d2hlcmUtcy13YWxkby10b3AvdXMtY2VudHJhbDEvYWRkTW9ja0RhdGEvYzlUM2U4RmVBb28  
 
[debug] [2021-01-28T05:59:56.955Z] >>> HTTP REQUEST GET https://cloudfunctions.googleapis.com/v1/operations/d2hlcmUtcy13YWxkby10b3AvdXMtY2VudHJhbDEvaGFuZGxlUGxheWVyU2VsZWN0aW9uLzZVRVJTbGM1M3lr  
 
[debug] [2021-01-28T05:59:57.225Z] <<< HTTP RESPONSE 200 {"content-type":"application/json; charset=UTF-8","vary":"X-Origin, Referer, Origin,Accept-Encoding","date":"Thu, 28 Jan 2021 05:59:57 GMT","server":"ESF","cache-control":"private","x-xss-protection":"0","x-frame-options":"SAMEORIGIN","x-content-type-options":"nosniff","alt-svc":"h3-29=\":443\"; ma=2592000,h3-T051=\":443\"; ma=2592000,h3-Q050=\":443\"; ma=2592000,h3-Q046=\":443\"; ma=2592000,h3-Q043=\":443\"; ma=2592000,quic=\":443\"; ma=2592000; v=\"46,43\"","accept-ranges":"none","transfer-encoding":"chunked"}
[debug] [2021-01-28T05:59:57.328Z] <<< HTTP RESPONSE 200 {"content-type":"application/json; charset=UTF-8","vary":"X-Origin, Referer, Origin,Accept-Encoding","date":"Thu, 28 Jan 2021 05:59:57 GMT","server":"ESF","cache-control":"private","x-xss-protection":"0","x-frame-options":"SAMEORIGIN","x-content-type-options":"nosniff","alt-svc":"h3-29=\":443\"; ma=2592000,h3-T051=\":443\"; ma=2592000,h3-Q050=\":443\"; ma=2592000,h3-Q046=\":443\"; ma=2592000,h3-Q043=\":443\"; ma=2592000,quic=\":443\"; ma=2592000; v=\"46,43\"","accept-ranges":"none","transfer-encoding":"chunked"}
[debug] [2021-01-28T05:59:57.431Z] <<< HTTP RESPONSE 200 {"content-type":"application/json; charset=UTF-8","vary":"X-Origin, Referer, Origin,Accept-Encoding","date":"Thu, 28 Jan 2021 05:59:57 GMT","server":"ESF","cache-control":"private","x-xss-protection":"0","x-frame-options":"SAMEORIGIN","x-content-type-options":"nosniff","alt-svc":"h3-29=\":443\"; ma=2592000,h3-T051=\":443\"; ma=2592000,h3-Q050=\":443\"; ma=2592000,h3-Q046=\":443\"; ma=2592000,h3-Q043=\":443\"; ma=2592000,quic=\":443\"; ma=2592000; v=\"46,43\"","accept-ranges":"none","transfer-encoding":"chunked"}
[debug] [2021-01-28T05:59:59.227Z] >>> HTTP REQUEST GET https://cloudfunctions.googleapis.com/v1/operations/d2hlcmUtcy13YWxkby10b3AvdXMtY2VudHJhbDEvYWRkTW9ja1BsYXllclNlbGVjdGlvbi9VenA2aHBVcF91NA  
 
[debug] [2021-01-28T05:59:59.331Z] >>> HTTP REQUEST GET https://cloudfunctions.googleapis.com/v1/operations/d2hlcmUtcy13YWxkby10b3AvdXMtY2VudHJhbDEvYWRkTW9ja0RhdGEvYzlUM2U4RmVBb28  
 
[debug] [2021-01-28T05:59:59.434Z] >>> HTTP REQUEST GET https://cloudfunctions.googleapis.com/v1/operations/d2hlcmUtcy13YWxkby10b3AvdXMtY2VudHJhbDEvaGFuZGxlUGxheWVyU2VsZWN0aW9uLzZVRVJTbGM1M3lr  
 
[debug] [2021-01-28T05:59:59.705Z] <<< HTTP RESPONSE 200 {"content-type":"application/json; charset=UTF-8","vary":"X-Origin, Referer, Origin,Accept-Encoding","date":"Thu, 28 Jan 2021 05:59:59 GMT","server":"ESF","cache-control":"private","x-xss-protection":"0","x-frame-options":"SAMEORIGIN","x-content-type-options":"nosniff","alt-svc":"h3-29=\":443\"; ma=2592000,h3-T051=\":443\"; ma=2592000,h3-Q050=\":443\"; ma=2592000,h3-Q046=\":443\"; ma=2592000,h3-Q043=\":443\"; ma=2592000,quic=\":443\"; ma=2592000; v=\"46,43\"","accept-ranges":"none","transfer-encoding":"chunked"}
